<?xml version="1.0" encoding="UTF-8"?>
<!-- Generated by org.testng.reporters.JUnitReportReporter -->
<testsuite hostname="LAPTOP-9BFQG462" failures="0" tests="1" name="stepDefinitions.StockDispatchStepDefinition2" time="6.015" errors="0" timestamp="2025-05-24T17:51:57 IST" skipped="0">
  <testcase classname="stepDefinitions.StockDispatchStepDefinition2" name="cancelSalesOrder" time="6.015"/>
</testsuite> <!-- stepDefinitions.StockDispatchStepDefinition2 -->
