<?xml version="1.0" encoding="UTF-8"?>
<!-- Generated by org.testng.reporters.JUnitReportReporter -->
<testsuite hostname="LAPTOP-9BFQG462" failures="0" tests="1" name="API.TeritaryAPI" time="4.748" errors="0" timestamp="2025-05-28T17:01:45 IST" skipped="0">
  <testcase classname="API.TeritaryAPI" name="binMap" time="4.748"/>
</testsuite> <!-- API.TeritaryAPI -->
