<?xml version="1.0" encoding="UTF-8"?>
<!-- Generated by org.testng.reporters.JUnitReportReporter -->
<testsuite hostname="LAPTOP-9BFQG462" failures="0" tests="2" name="testRunners.DenominationTestRunner" time="23.101" errors="0" timestamp="2025-05-14T16:47:46 IST" skipped="0">
  <testcase classname="testRunners.DenominationTestRunner" name="runScenario" time="8.467"/>
  <testcase classname="testRunners.DenominationTestRunner" name="runScenario" time="14.634"/>
</testsuite> <!-- testRunners.DenominationTestRunner -->
