<?xml version="1.0" encoding="UTF-8"?>
<!-- Generated by org.testng.reporters.JUnitReportReporter -->
<testsuite hostname="LAPTOP-9BFQG462" failures="0" tests="1" name="API.MasterAPI" time="7.840" errors="0" timestamp="2025-05-28T17:48:16 IST" skipped="0">
  <testcase classname="API.MasterAPI" name="getEntireProducts" time="7.840"/>
</testsuite> <!-- API.MasterAPI -->
