<?xml version="1.0" encoding="UTF-8"?>
<!-- Generated by org.testng.reporters.JUnitReportReporter -->
<testsuite hostname="LAPTOP-9BFQG462" failures="0" tests="5" name="testRunners.RunAllTestsTestRunner" time="81.492" errors="0" timestamp="2025-05-07T14:25:59 IST" skipped="0">
  <testcase classname="testRunners.RunAllTestsTestRunner" name="runScenario" time="14.041"/>
  <testcase classname="testRunners.RunAllTestsTestRunner" name="runScenario" time="13.982"/>
  <testcase classname="testRunners.RunAllTestsTestRunner" name="runScenario" time="12.321"/>
  <testcase classname="testRunners.RunAllTestsTestRunner" name="runScenario" time="34.775"/>
  <testcase classname="testRunners.RunAllTestsTestRunner" name="runScenario" time="6.373"/>
</testsuite> <!-- testRunners.RunAllTestsTestRunner -->
