<?xml version="1.0" encoding="UTF-8"?>
<!-- Generated by org.testng.reporters.JUnitReportReporter -->
<testsuite hostname="LAPTOP-9BFQG462" failures="0" tests="3" name="testRunners.SmokeTestCaseRunner" time="39.507" errors="0" timestamp="2025-05-07T12:42:51 IST" skipped="0">
  <testcase classname="testRunners.SmokeTestCaseRunner" name="runScenario" time="15.901"/>
  <testcase classname="testRunners.SmokeTestCaseRunner" name="runScenario" time="8.757"/>
  <testcase classname="testRunners.SmokeTestCaseRunner" name="runScenario" time="14.849"/>
</testsuite> <!-- testRunners.SmokeTestCaseRunner -->
