<?xml version="1.0" encoding="UTF-8"?>
<!-- Generated by org.testng.reporters.JUnitReportReporter -->
<testsuite hostname="LAPTOP-9BFQG462" failures="0" tests="2" name="utils.RandomGenerator" time="0.029" errors="0" timestamp="2025-05-23T22:10:52 IST" skipped="0">
  <testcase classname="utils.RandomGenerator" name="randomNumber" time="0.025"/>
  <testcase classname="utils.RandomGenerator" name="randomString" time="0.004"/>
</testsuite> <!-- utils.RandomGenerator -->
