<?xml version="1.0" encoding="UTF-8"?>
<!-- Generated by org.testng.reporters.JUnitReportReporter -->
<testsuite hostname="LAPTOP-9BFQG462" failures="0" tests="1" name="API.SAP_API" time="0.064" errors="0" timestamp="2025-05-24T16:20:37 IST" skipped="0">
  <testcase classname="API.SAP_API" name="test" time="0.064"/>
</testsuite> <!-- API.SAP_API -->
