<?xml version="1.0" encoding="UTF-8"?>
<!-- Generated by org.testng.reporters.JUnitReportReporter -->
<testsuite hostname="LAPTOP-9BFQG462" failures="0" tests="4" name="testRunners.FinancialYearBudgetTestRunner2" time="118.247" errors="0" timestamp="2025-05-14T18:19:25 IST" skipped="0">
  <testcase classname="testRunners.FinancialYearBudgetTestRunner2" name="runScenario" time="25.058"/>
  <testcase classname="testRunners.FinancialYearBudgetTestRunner2" name="runScenario" time="22.808"/>
  <testcase classname="testRunners.FinancialYearBudgetTestRunner2" name="runScenario" time="26.351"/>
  <testcase classname="testRunners.FinancialYearBudgetTestRunner2" name="runScenario" time="44.030"/>
</testsuite> <!-- testRunners.FinancialYearBudgetTestRunner2 -->
