<?xml version="1.0" encoding="UTF-8"?>
<!-- Generated by org.testng.reporters.JUnitReportReporter -->
<testsuite hostname="LAPTOP-9BFQG462" failures="0" tests="2" name="testRunners.LoginTestRunner" time="14.048" errors="0" timestamp="2025-05-07T14:35:03 IST" skipped="0">
  <testcase classname="testRunners.LoginTestRunner" name="runScenario" time="7.148"/>
  <testcase classname="testRunners.LoginTestRunner" name="runScenario" time="6.900"/>
</testsuite> <!-- testRunners.LoginTestRunner -->
